0 info it worked if it ends with ok
1 verbose cli [ 'node', '/usr/bin/npm', 'install', '-g', 'vue-cli' ]
2 info using npm@1.3.6
3 info using node@v0.10.48
4 verbose cache add [ 'vue-cli', null ]
5 verbose cache add name=undefined spec="vue-cli" args=["vue-cli",null]
6 verbose parsed url { protocol: null,
6 verbose parsed url   slashes: null,
6 verbose parsed url   auth: null,
6 verbose parsed url   host: null,
6 verbose parsed url   port: null,
6 verbose parsed url   hostname: null,
6 verbose parsed url   hash: null,
6 verbose parsed url   search: null,
6 verbose parsed url   query: null,
6 verbose parsed url   pathname: 'vue-cli',
6 verbose parsed url   path: 'vue-cli',
6 verbose parsed url   href: 'vue-cli' }
7 silly lockFile 18a420e0-vue-cli vue-cli
8 verbose lock vue-cli /home/vagrant/.npm/18a420e0-vue-cli.lock
9 silly lockFile 18a420e0-vue-cli vue-cli
10 silly lockFile 18a420e0-vue-cli vue-cli
11 verbose addNamed [ 'vue-cli', '' ]
12 verbose addNamed [ null, '*' ]
13 silly lockFile 3d3026e0-vue-cli vue-cli@
14 verbose lock vue-cli@ /home/vagrant/.npm/3d3026e0-vue-cli.lock
15 silly addNameRange { name: 'vue-cli', range: '*', hasData: false }
16 verbose url raw vue-cli
17 verbose url resolving [ 'https://registry.npmjs.org/', './vue-cli' ]
18 verbose url resolved https://registry.npmjs.org/vue-cli
19 info trying registry request attempt 1 at 23:25:19
20 http GET https://registry.npmjs.org/vue-cli
21 info retry will retry, error on last attempt: Error: CERT_UNTRUSTED
22 info trying registry request attempt 2 at 23:25:29
23 http GET https://registry.npmjs.org/vue-cli
24 info retry will retry, error on last attempt: Error: CERT_UNTRUSTED
25 info trying registry request attempt 3 at 23:26:29
26 http GET https://registry.npmjs.org/vue-cli
27 silly lockFile 3d3026e0-vue-cli vue-cli@
28 silly lockFile 3d3026e0-vue-cli vue-cli@
29 error Error: CERT_UNTRUSTED
29 error     at SecurePair.<anonymous> (tls.js:1430:32)
29 error     at SecurePair.emit (events.js:92:17)
29 error     at SecurePair.maybeInitFinished (tls.js:1029:10)
29 error     at CleartextStream.read [as _read] (tls.js:521:13)
29 error     at CleartextStream.Readable.read (_stream_readable.js:341:10)
29 error     at EncryptedStream.write [as _write] (tls.js:418:25)
29 error     at doWrite (_stream_writable.js:226:10)
29 error     at writeOrBuffer (_stream_writable.js:216:5)
29 error     at EncryptedStream.Writable.write (_stream_writable.js:183:11)
29 error     at write (_stream_readable.js:602:24)
30 error If you need help, you may report this log at:
30 error     <http://github.com/isaacs/npm/issues>
30 error or email it to:
30 error     <npm-@googlegroups.com>
31 error System Linux 2.6.32-696.20.1.el6.x86_64
32 error command "node" "/usr/bin/npm" "install" "-g" "vue-cli"
33 error cwd /home/vagrant/rails_lessons/purecolle
34 error node -v v0.10.48
35 error npm -v 1.3.6
36 verbose exit [ 1, true ]
